0 info it worked if it ends with ok
1 verbose cli [ '/home/ubuntu/.nvm/versions/node/v4.4.3/bin/node',
1 verbose cli   '/home/ubuntu/.nvm/versions/node/v4.4.3/bin/npm',
1 verbose cli   'install',
1 verbose cli   'should--save' ]
2 info using npm@2.15.1
3 info using node@v4.4.3
4 verbose install initial load of /home/ubuntu/workspace/package.json
5 verbose installManyTop reading scoped package data from /home/ubuntu/workspace/node_modules/babel/package.json
6 verbose installManyTop reading scoped package data from /home/ubuntu/workspace/node_modules/babel-core/package.json
7 verbose installManyTop reading scoped package data from /home/ubuntu/workspace/node_modules/babel-loader/package.json
8 verbose installManyTop reading scoped package data from /home/ubuntu/workspace/node_modules/babel-preset-es2015/package.json
9 verbose installManyTop reading scoped package data from /home/ubuntu/workspace/node_modules/babel-preset-react/package.json
10 verbose installManyTop reading scoped package data from /home/ubuntu/workspace/node_modules/css-loader/package.json
11 verbose installManyTop reading scoped package data from /home/ubuntu/workspace/node_modules/csv-parse/package.json
12 verbose installManyTop reading scoped package data from /home/ubuntu/workspace/node_modules/express/package.json
13 verbose installManyTop reading scoped package data from /home/ubuntu/workspace/node_modules/node-sass/package.json
14 verbose installManyTop reading scoped package data from /home/ubuntu/workspace/node_modules/react/package.json
15 verbose installManyTop reading scoped package data from /home/ubuntu/workspace/node_modules/react-checkbox-group/package.json
16 verbose installManyTop reading scoped package data from /home/ubuntu/workspace/node_modules/react-dom/package.json
17 verbose installManyTop reading scoped package data from /home/ubuntu/workspace/node_modules/react-router/package.json
18 verbose installManyTop reading scoped package data from /home/ubuntu/workspace/node_modules/request/package.json
19 verbose installManyTop reading scoped package data from /home/ubuntu/workspace/node_modules/sass-loader/package.json
20 verbose installManyTop reading scoped package data from /home/ubuntu/workspace/node_modules/style-loader/package.json
21 verbose installManyTop reading scoped package data from /home/ubuntu/workspace/node_modules/superagent/package.json
22 verbose installManyTop reading scoped package data from /home/ubuntu/workspace/node_modules/webpack/package.json
23 info package.json react-router@2.4.1 No README data
24 verbose readDependencies loading dependencies from /home/ubuntu/workspace/package.json
25 silly cache add args [ 'should--save', null ]
26 verbose cache add spec should--save
27 silly cache add parsed spec Result {
27 silly cache add   raw: 'should--save',
27 silly cache add   scope: null,
27 silly cache add   name: 'should--save',
27 silly cache add   rawSpec: '',
27 silly cache add   spec: 'latest',
27 silly cache add   type: 'tag' }
28 silly addNamed should--save@latest
29 verbose addNamed "latest" is being treated as a dist-tag for should--save
30 info addNameTag [ 'should--save', 'latest' ]
31 silly mapToRegistry name should--save
32 silly mapToRegistry using default registry
33 silly mapToRegistry registry https://registry.npmjs.org/
34 silly mapToRegistry data Result {
34 silly mapToRegistry   raw: 'should--save',
34 silly mapToRegistry   scope: null,
34 silly mapToRegistry   name: 'should--save',
34 silly mapToRegistry   rawSpec: '',
34 silly mapToRegistry   spec: 'latest',
34 silly mapToRegistry   type: 'tag' }
35 silly mapToRegistry uri https://registry.npmjs.org/should--save
36 verbose addNameTag registry:https://registry.npmjs.org/should--save not in flight; fetching
37 verbose request uri https://registry.npmjs.org/should--save
38 verbose request no auth needed
39 info attempt registry request try #1 at 9:11:49 PM
40 verbose request id b273fe3a47348127
41 http request GET https://registry.npmjs.org/should--save
42 http 404 https://registry.npmjs.org/should--save
43 verbose headers { 'content-type': 'application/json',
43 verbose headers   'cache-control': 'max-age=0',
43 verbose headers   'content-length': '2',
43 verbose headers   'accept-ranges': 'bytes',
43 verbose headers   date: 'Mon, 23 May 2016 21:11:50 GMT',
43 verbose headers   via: '1.1 varnish',
43 verbose headers   age: '0',
43 verbose headers   connection: 'keep-alive',
43 verbose headers   'x-served-by': 'cache-dfw1820-DFW',
43 verbose headers   'x-cache': 'MISS',
43 verbose headers   'x-cache-hits': '0',
43 verbose headers   'x-timer': 'S1464037910.066416,VS0,VE66',
43 verbose headers   vary: 'Accept-Encoding' }
44 silly get cb [ 404,
44 silly get   { 'content-type': 'application/json',
44 silly get     'cache-control': 'max-age=0',
44 silly get     'content-length': '2',
44 silly get     'accept-ranges': 'bytes',
44 silly get     date: 'Mon, 23 May 2016 21:11:50 GMT',
44 silly get     via: '1.1 varnish',
44 silly get     age: '0',
44 silly get     connection: 'keep-alive',
44 silly get     'x-served-by': 'cache-dfw1820-DFW',
44 silly get     'x-cache': 'MISS',
44 silly get     'x-cache-hits': '0',
44 silly get     'x-timer': 'S1464037910.066416,VS0,VE66',
44 silly get     vary: 'Accept-Encoding' } ]
45 verbose stack Error: Registry returned 404 for GET on https://registry.npmjs.org/should--save
45 verbose stack     at makeError (/home/ubuntu/.nvm/versions/node/v4.4.3/lib/node_modules/npm/node_modules/npm-registry-client/lib/request.js:264:12)
45 verbose stack     at CachingRegistryClient.<anonymous> (/home/ubuntu/.nvm/versions/node/v4.4.3/lib/node_modules/npm/node_modules/npm-registry-client/lib/request.js:242:14)
45 verbose stack     at Request._callback (/home/ubuntu/.nvm/versions/node/v4.4.3/lib/node_modules/npm/node_modules/npm-registry-client/lib/request.js:172:14)
45 verbose stack     at Request.self.callback (/home/ubuntu/.nvm/versions/node/v4.4.3/lib/node_modules/npm/node_modules/request/request.js:199:22)
45 verbose stack     at emitTwo (events.js:87:13)
45 verbose stack     at Request.emit (events.js:172:7)
45 verbose stack     at Request.<anonymous> (/home/ubuntu/.nvm/versions/node/v4.4.3/lib/node_modules/npm/node_modules/request/request.js:1036:10)
45 verbose stack     at emitOne (events.js:82:20)
45 verbose stack     at Request.emit (events.js:169:7)
45 verbose stack     at IncomingMessage.<anonymous> (/home/ubuntu/.nvm/versions/node/v4.4.3/lib/node_modules/npm/node_modules/request/request.js:963:12)
46 verbose statusCode 404
47 verbose pkgid should--save
48 verbose cwd /home/ubuntu/workspace
49 error Linux 4.2.0-c9
50 error argv "/home/ubuntu/.nvm/versions/node/v4.4.3/bin/node" "/home/ubuntu/.nvm/versions/node/v4.4.3/bin/npm" "install" "should--save"
51 error node v4.4.3
52 error npm  v2.15.1
53 error code E404
54 error 404 Registry returned 404 for GET on https://registry.npmjs.org/should--save
54 error 404
54 error 404 'should--save' is not in the npm registry.
54 error 404 You should bug the author to publish it (or use the name yourself!)
54 error 404 It was specified as a dependency of 'CITIZEN'
54 error 404
54 error 404 Note that you can also install from a
54 error 404 tarball, folder, http url, or git url.
55 verbose exit [ 1, true ]
